<?xml version="1.0" encoding="UTF-8"?>
<!-- Generated by org.testng.reporters.JUnitXMLReporter -->
<testsuite hostname="HYDSYNCCPU003" ignored="0" name="Test" tests="2" failures="1" timestamp="26 Apr 2018 07:36:39 GMT" time="8.846" errors="0">
  <testcase name="Guru99BankDemoSite" time="8.791" classname="StepDefinition.testCases"/>
  <testcase name="TestToFail" time="0.004" classname="StepDefinition.testCases">
    <failure type="java.lang.AssertionError" message="expected [true] but found [false]">
      <![CDATA[java.lang.AssertionError: expected [true] but found [false]
at StepDefinition.testCases.TestToFail(testCases.java:35)
... Removed 29 stack frames]]>
    </failure>
  </testcase> <!-- TestToFail -->
</testsuite> <!-- Test -->
